Arguments: 
  D:\perso\node\node.exe C:\Users\MPA\AppData\Local\node\corepack\yarn\1.22.19\bin\yarn.js

PATH: 
  C:\Python311\Scripts\;C:\Python311\;C:\Program Files (x86)\Common Files\Oracle\Java\javapath;C:\ProgramData\Oracle\Java\javapath;C:\Python27\Lib\site-packages\PyQt4;C:\WINDOWS\system32;C:\WINDOWS;C:\WINDOWS\System32\Wbem;C:\WINDOWS\System32\WindowsPowerShell\v1.0\;C:\WINDOWS\System32\OpenSSH\;C:\Program Files\Intel\WiFi\bin\;C:\Program Files\Common Files\Intel\WirelessCommon\;C:\Users\MPA\AppData\Local\Microsoft\WindowsApps;D:\node;c:\Program Files (x86)\Intel\Intel(R) Management Engine Components\DAL;c:\Program Files\Intel\Intel(R) Management Engine Components\DAL;C:\Users\MPA\Documents\temp\;C:\ProgramData\chocolatey\bin;D:\sniffnet\bin\;C:\Program Files (x86)\Gpg4win\..\GnuPG\bin;D:\Memurai\;D:\perso\node\;D:\Ruby32-x64\bin;D:\perso\node;D:\Git\bin;D:\.cargo\bin;D:\dist;D:\perso\VSCode-win32\bin;C:\Users\MPA\AppData\Local\Packages\PythonSoftwareFoundation.Python.3.10_qbz5n2kfra8p0\LocalCache\local-packages\Python310\Scripts;C:\Users\MPA\AppData\Local\Coursier\data\bin;D:\Ruby32-x64\bin;c:/users/mpa/appdata/local/microsoft/windowsapps/

Yarn version: 
  1.22.19

Node version: 
  18.16.0

Platform: 
  win32 x64

Trace: 
  Error: https://registry.yarnpkg.com/rxjs/-/rxjs-7.8.1.tgz: ESOCKETTIMEDOUT
      at ClientRequest.<anonymous> (C:\Users\MPA\AppData\Local\node\corepack\yarn\1.22.19\lib\cli.js:141517:19)
      at Object.onceWrapper (node:events:627:28)
      at ClientRequest.emit (node:events:513:28)
      at TLSSocket.emitRequestTimeout (node:_http_client:848:9)
      at Object.onceWrapper (node:events:627:28)
      at TLSSocket.emit (node:events:525:35)
      at Socket._onTimeout (node:net:570:8)
      at listOnTimeout (node:internal/timers:569:17)
      at process.processTimers (node:internal/timers:512:7)

npm manifest: 
  {
    "name": "downloader",
    "version": "1.0.0",
    "description": "",
    "main": "index.js",
    "scripts": {
      "test": "echo \"Error: no test specified\" && exit 1"
    },
    "keywords": [],
    "author": "",
    "license": "ISC",
    "dependencies": {
      "chalk": "^5.2.0",
      "enquirer": "^2.3.6",
      "inquirer": "^9.2.0",
      "puppeteer": "^19.11.1",
      "request": "^2.88.2"
    }
  }

yarn manifest: 
  No manifest

Lockfile: 
  No lockfile
